{"numFailedTestSuites":15,"numFailedTests":0,"numPassedTestSuites":17,"numPassedTests":75,"numPendingTestSuites":0,"numPendingTests":0,"numRuntimeErrorTestSuites":15,"numTotalTestSuites":32,"numTotalTests":75,"openHandles":[],"snapshot":{"added":0,"didUpdate":false,"failure":false,"filesAdded":0,"filesRemoved":0,"filesUnmatched":0,"filesUpdated":0,"matched":0,"total":0,"unchecked":0,"uncheckedKeysByFile":[],"unmatched":0,"updated":0},"startTime":1542404688825,"success":false,"testResults":[{"assertionResults":[{"ancestorTitles":["#formatCurrency"],"failureMessages":[],"fullName":"#formatCurrency returns the formatted price","location":null,"status":"passed","title":"returns the formatted price"},{"ancestorTitles":["#formatCurrency"],"failureMessages":[],"fullName":"#formatCurrency handle more than 2 digits","location":null,"status":"passed","title":"handle more than 2 digits"},{"ancestorTitles":["#formatCurrency"],"failureMessages":[],"fullName":"#formatCurrency round the number if it has more than 2 digits","location":null,"status":"passed","title":"round the number if it has more than 2 digits"},{"ancestorTitles":["#formatCurrency"],"failureMessages":[],"fullName":"#formatCurrency handles integer numbers","location":null,"status":"passed","title":"handles integer numbers"},{"ancestorTitles":["#formatCurrency"],"failureMessages":[],"fullName":"#formatCurrency handles leading decimals","location":null,"status":"passed","title":"handles leading decimals"},{"ancestorTitles":["#formattedPhone"],"failureMessages":[],"fullName":"#formattedPhone returns the value passed if it does not match the number format","location":null,"status":"passed","title":"returns the value passed if it does not match the number format"},{"ancestorTitles":["#formattedPhone"],"failureMessages":[],"fullName":"#formattedPhone returns the value passed if it has less than 10 digits","location":null,"status":"passed","title":"returns the value passed if it has less than 10 digits"},{"ancestorTitles":["#formattedPhone"],"failureMessages":[],"fullName":"#formattedPhone returns the value passed if it does not match the number format","location":null,"status":"passed","title":"returns the value passed if it does not match the number format"},{"ancestorTitles":["#formattedPhone"],"failureMessages":[],"fullName":"#formattedPhone returns the formatted number if it match","location":null,"status":"passed","title":"returns the formatted number if it match"},{"ancestorTitles":["#capitalizeFirstLetter"],"failureMessages":[],"fullName":"#capitalizeFirstLetter returns the first letter capitalized","location":null,"status":"passed","title":"returns the first letter capitalized"},{"ancestorTitles":["#hashFor"],"failureMessages":[],"fullName":"#hashFor returns a hashed version of the string","location":null,"status":"passed","title":"returns a hashed version of the string"},{"ancestorTitles":["#stringSanitize"],"failureMessages":[],"fullName":"#stringSanitize keeps the letters","location":null,"status":"passed","title":"keeps the letters"},{"ancestorTitles":["#stringSanitize"],"failureMessages":[],"fullName":"#stringSanitize keeps the numbers, spaces and tabs","location":null,"status":"passed","title":"keeps the numbers, spaces and tabs"}],"endTime":1542404691306,"message":"","name":"/Users/mick-feller/Sites/Workspaces/@od/od-react-components/utils/string/index.test.js","startTime":1542404690774,"status":"passed","summary":""},{"assertionResults":[{"ancestorTitles":["Button Component"],"failureMessages":[],"fullName":"Button Component renders without crashing","location":null,"status":"passed","title":"renders without crashing"},{"ancestorTitles":["Button Component"],"failureMessages":[],"fullName":"Button Component renders with the default props","location":null,"status":"passed","title":"renders with the default props"},{"ancestorTitles":["Button Component"],"failureMessages":[],"fullName":"Button Component renders with disabled","location":null,"status":"passed","title":"renders with disabled"},{"ancestorTitles":["Button Component"],"failureMessages":[],"fullName":"Button Component renders as submit","location":null,"status":"passed","title":"renders as submit"},{"ancestorTitles":["Button Component"],"failureMessages":[],"fullName":"Button Component is render with the props passed as params","location":null,"status":"passed","title":"is render with the props passed as params"}],"endTime":1542404691348,"message":"","name":"/Users/mick-feller/Sites/Workspaces/@od/od-react-components/components/Button/Button.test.jsx","startTime":1542404690774,"status":"passed","summary":""},{"assertionResults":[{"ancestorTitles":["Panel component: #panelClassList"],"failureMessages":[],"fullName":"Panel component: #panelClassList returns the default class","location":null,"status":"passed","title":"returns the default class"},{"ancestorTitles":["Panel component: #panelClassList"],"failureMessages":[],"fullName":"Panel component: #panelClassList returns the primary class","location":null,"status":"passed","title":"returns the primary class"},{"ancestorTitles":["Panel component: #panelClassList"],"failureMessages":[],"fullName":"Panel component: #panelClassList returns the dashed class","location":null,"status":"passed","title":"returns the dashed class"},{"ancestorTitles":["Panel Component render"],"failureMessages":[],"fullName":"Panel Component render renders a primary panel when primary is true","location":null,"status":"passed","title":"renders a primary panel when primary is true"},{"ancestorTitles":["Panel Component render"],"failureMessages":[],"fullName":"Panel Component render primary class is not applied if primary is not passed","location":null,"status":"passed","title":"primary class is not applied if primary is not passed"}],"endTime":1542404691365,"message":"","name":"/Users/mick-feller/Sites/Workspaces/@od/od-react-components/components/Panel/Panel.test.jsx","startTime":1542404690751,"status":"passed","summary":""},{"assertionResults":[{"ancestorTitles":["Address Component basic data"],"failureMessages":[],"fullName":"Address Component basic data Component Renders","location":null,"status":"passed","title":"Component Renders"},{"ancestorTitles":["Address Component basic data"],"failureMessages":[],"fullName":"Address Component basic data company name is not present when it is not passed as parameter","location":null,"status":"passed","title":"company name is not present when it is not passed as parameter"},{"ancestorTitles":["Address Component basic data"],"failureMessages":[],"fullName":"Address Component basic data renders company name when is passed as parameter","location":null,"status":"passed","title":"renders company name when is passed as parameter"},{"ancestorTitles":["Address Component basic data"],"failureMessages":[],"fullName":"Address Component basic data contact name is not present when it is not passed as parameter","location":null,"status":"passed","title":"contact name is not present when it is not passed as parameter"},{"ancestorTitles":["Address Component basic data"],"failureMessages":[],"fullName":"Address Component basic data renders contact name when is passed as parameter","location":null,"status":"passed","title":"renders contact name when is passed as parameter"},{"ancestorTitles":["Address Component basic data"],"failureMessages":[],"fullName":"Address Component basic data render address 1","location":null,"status":"passed","title":"render address 1"},{"ancestorTitles":["Address Component basic data"],"failureMessages":[],"fullName":"Address Component basic data render address 2","location":null,"status":"passed","title":"render address 2"},{"ancestorTitles":["Address Component basic data"],"failureMessages":[],"fullName":"Address Component basic data renders city","location":null,"status":"passed","title":"renders city"},{"ancestorTitles":["Address Component basic data"],"failureMessages":[],"fullName":"Address Component basic data renders state","location":null,"status":"passed","title":"renders state"},{"ancestorTitles":["Address Component basic data"],"failureMessages":[],"fullName":"Address Component basic data renders postal code","location":null,"status":"passed","title":"renders postal code"},{"ancestorTitles":["Address Component basic data"],"failureMessages":[],"fullName":"Address Component basic data renders zip code extension when is passed as parameter","location":null,"status":"passed","title":"renders zip code extension when is passed as parameter"},{"ancestorTitles":["Address Component basic data"],"failureMessages":[],"fullName":"Address Component basic data renders country when passed as parameter","location":null,"status":"passed","title":"renders country when passed as parameter"},{"ancestorTitles":["Address Component basic data"],"failureMessages":[],"fullName":"Address Component basic data phone is not shown by default","location":null,"status":"passed","title":"phone is not shown by default"},{"ancestorTitles":["Address Component basic data"],"failureMessages":[],"fullName":"Address Component basic data renders phone with extension if passed as parameter","location":null,"status":"passed","title":"renders phone with extension if passed as parameter"},{"ancestorTitles":["Address Component basic data"],"failureMessages":[],"fullName":"Address Component basic data renders email","location":null,"status":"passed","title":"renders email"}],"endTime":1542404691388,"message":"","name":"/Users/mick-feller/Sites/Workspaces/@od/od-react-components/components/Address/Address.test.jsx","startTime":1542404690773,"status":"passed","summary":""},{"assertionResults":[{"ancestorTitles":["api/i18n"],"failureMessages":[],"fullName":"api/i18n i18n has keys","location":null,"status":"passed","title":"i18n has keys"},{"ancestorTitles":["api/i18n"],"failureMessages":[],"fullName":"api/i18n i18n has payload method","location":null,"status":"passed","title":"i18n has payload method"},{"ancestorTitles":["api/i18n"],"failureMessages":[],"fullName":"api/i18n i18n payload returns object","location":null,"status":"passed","title":"i18n payload returns object"},{"ancestorTitles":["api/i18n"],"failureMessages":[],"fullName":"api/i18n i18n payload url is a string","location":null,"status":"passed","title":"i18n payload url is a string"},{"ancestorTitles":["api/i18n"],"failureMessages":[],"fullName":"api/i18n i18n url is","location":null,"status":"passed","title":"i18n url is"},{"ancestorTitles":["api/i18n"],"failureMessages":[],"fullName":"api/i18n i18n payload merge is false","location":null,"status":"passed","title":"i18n payload merge is false"},{"ancestorTitles":["api/i18n"],"failureMessages":[],"fullName":"api/i18n i18n payload store is a string","location":null,"status":"passed","title":"i18n payload store is a string"},{"ancestorTitles":["api/i18n"],"failureMessages":[],"fullName":"api/i18n i18n payload store is i18n","location":null,"status":"passed","title":"i18n payload store is i18n"},{"ancestorTitles":["api/i18n"],"failureMessages":[],"fullName":"api/i18n i18n payload response type is json","location":null,"status":"passed","title":"i18n payload response type is json"}],"endTime":1542404692799,"message":"","name":"/Users/mick-feller/Sites/Workspaces/@od/od-react-components/api/i18n/index.test.js","startTime":1542404691730,"status":"passed","summary":""},{"assertionResults":[{"ancestorTitles":["Box Component"],"failureMessages":[],"fullName":"Box Component renders without crashing","location":null,"status":"passed","title":"renders without crashing"},{"ancestorTitles":["Box Component"],"failureMessages":[],"fullName":"Box Component renders with the default props","location":null,"status":"passed","title":"renders with the default props"},{"ancestorTitles":["Box Component"],"failureMessages":[],"fullName":"Box Component is render with the props passed as params","location":null,"status":"passed","title":"is render with the props passed as params"}],"endTime":1542404692847,"message":"","name":"/Users/mick-feller/Sites/Workspaces/@od/od-react-components/components/Box/BoxSection/BoxSection.test.jsx","startTime":1542404691721,"status":"passed","summary":""},{"assertionResults":[{"ancestorTitles":["Box Component"],"failureMessages":[],"fullName":"Box Component renders without crashing","location":null,"status":"passed","title":"renders without crashing"},{"ancestorTitles":["Box Component"],"failureMessages":[],"fullName":"Box Component renders with the default props","location":null,"status":"passed","title":"renders with the default props"},{"ancestorTitles":["Box Component"],"failureMessages":[],"fullName":"Box Component is render with the props passed as params","location":null,"status":"passed","title":"is render with the props passed as params"}],"endTime":1542404692972,"message":"","name":"/Users/mick-feller/Sites/Workspaces/@od/od-react-components/components/Box/Box.test.jsx","startTime":1542404691694,"status":"passed","summary":""},{"assertionResults":[{"ancestorTitles":["AccordionHeader"],"failureMessages":[],"fullName":"AccordionHeader Component Renders","location":null,"status":"passed","title":"Component Renders"},{"ancestorTitles":["AccordionHeader"],"failureMessages":[],"fullName":"AccordionHeader Header is Clicked","location":null,"status":"passed","title":"Header is Clicked"},{"ancestorTitles":["AccordionHeader"],"failureMessages":[],"fullName":"AccordionHeader Heading is rendered","location":null,"status":"passed","title":"Heading is rendered"},{"ancestorTitles":["AccordionHeader"],"failureMessages":[],"fullName":"AccordionHeader Heading is rendered without background","location":null,"status":"passed","title":"Heading is rendered without background"}],"endTime":1542404693363,"message":"","name":"/Users/mick-feller/Sites/Workspaces/@od/od-react-components/components/Accordion/AccordionHeader/AccordionHeader.test.jsx","startTime":1542404691747,"status":"passed","summary":""},{"assertionResults":[{"ancestorTitles":["Panel heading: #headingClassList"],"failureMessages":[],"fullName":"Panel heading: #headingClassList returns the solid heading","location":null,"status":"passed","title":"returns the solid heading"},{"ancestorTitles":["Panel heading: #headingClassList"],"failureMessages":[],"fullName":"Panel heading: #headingClassList returns the panel with no heading background","location":null,"status":"passed","title":"returns the panel with no heading background"}],"endTime":1542404693752,"message":"","name":"/Users/mick-feller/Sites/Workspaces/@od/od-react-components/components/Panel/PanelHeading/PanelHeading.test.jsx","startTime":1542404693344,"status":"passed","summary":""},{"assertionResults":[{"ancestorTitles":["AccordionContext"],"failureMessages":[],"fullName":"AccordionContext Sets the display name","location":null,"status":"passed","title":"Sets the display name"},{"ancestorTitles":["AccordionContext"],"failureMessages":[],"fullName":"AccordionContext Sets the header display name","location":null,"status":"passed","title":"Sets the header display name"},{"ancestorTitles":["AccordionContext"],"failureMessages":[],"fullName":"AccordionContext Sets the content display name","location":null,"status":"passed","title":"Sets the content display name"},{"ancestorTitles":["AccordionContext"],"failureMessages":[],"fullName":"AccordionContext Sets the container display name","location":null,"status":"passed","title":"Sets the container display name"},{"ancestorTitles":["AccordionContext"],"failureMessages":[],"fullName":"AccordionContext Checks if context is defined","location":null,"status":"passed","title":"Checks if context is defined"}],"endTime":1542404693758,"message":"","name":"/Users/mick-feller/Sites/Workspaces/@od/od-react-components/components/Accordion/AccordionContext/AccordionContext.test.js","startTime":1542404693429,"status":"passed","summary":""},{"assertionResults":[{"ancestorTitles":["Panel Body"],"failureMessages":[],"fullName":"Panel Body returns the classNams pass as parameter","location":null,"status":"passed","title":"returns the classNams pass as parameter"},{"ancestorTitles":["Panel Body"],"failureMessages":[],"fullName":"Panel Body renders with a different tag if passed as params","location":null,"status":"passed","title":"renders with a different tag if passed as params"}],"endTime":1542404693789,"message":"","name":"/Users/mick-feller/Sites/Workspaces/@od/od-react-components/components/Panel/PanelBody/PanelBody.test.jsx","startTime":1542404693378,"status":"passed","summary":""},{"assertionResults":[{"ancestorTitles":["AccordionContent"],"failureMessages":[],"fullName":"AccordionContent Component Renders","location":null,"status":"passed","title":"Component Renders"},{"ancestorTitles":["AccordionContent"],"failureMessages":[],"fullName":"AccordionContent Content is rendered without background","location":null,"status":"passed","title":"Content is rendered without background"}],"endTime":1542404694237,"message":"","name":"/Users/mick-feller/Sites/Workspaces/@od/od-react-components/components/Accordion/AccordionContent/AccordionContent.test.jsx","startTime":1542404693752,"status":"passed","summary":""},{"assertionResults":[{"ancestorTitles":["AUID"],"failureMessages":[],"fullName":"AUID Returns the correct AUID","location":null,"status":"passed","title":"Returns the correct AUID"},{"ancestorTitles":["AUID"],"failureMessages":[],"fullName":"AUID Removes spaces and capitalizes","location":null,"status":"passed","title":"Removes spaces and capitalizes"},{"ancestorTitles":["AUID"],"failureMessages":[],"fullName":"AUID Removes underscores","location":null,"status":"passed","title":"Removes underscores"}],"endTime":1542404694411,"message":"","name":"/Users/mick-feller/Sites/Workspaces/@od/od-react-components/utils/auid/index.test.js","startTime":1542404694113,"status":"passed","summary":""},{"assertionResults":[{"ancestorTitles":["Imports the Address Component"],"failureMessages":[],"fullName":"Imports the Address Component Component Renders","location":null,"status":"passed","title":"Component Renders"}],"endTime":1542404694488,"message":"","name":"/Users/mick-feller/Sites/Workspaces/@od/od-react-components/components/Container/index.test.jsx","startTime":1542404694147,"status":"passed","summary":""},{"assertionResults":[{"ancestorTitles":["Button Component"],"failureMessages":[],"fullName":"Button Component renders without crashing","location":null,"status":"passed","title":"renders without crashing"}],"endTime":1542404694508,"message":"","name":"/Users/mick-feller/Sites/Workspaces/@od/od-react-components/components/ButtonGroup/ButtonGroup.test.jsx","startTime":1542404694121,"status":"passed","summary":""},{"assertionResults":[{"ancestorTitles":["#SCHEMA_URL"],"failureMessages":[],"fullName":"#SCHEMA_URL returns the Schema URL","location":null,"status":"passed","title":"returns the Schema URL"}],"endTime":1542404694840,"message":"","name":"/Users/mick-feller/Sites/Workspaces/@od/od-react-components/utils/constants/index.test.js","startTime":1542404694576,"status":"passed","summary":""},{"assertionResults":[],"coverage":{},"endTime":1542404697375,"message":"  \u001b[1m● \u001b[22mTest suite failed to run\n\n    Your test suite must contain at least one test.\n\n      \u001b[2mat \u001b[22m\u001b[0m\u001b[36mnode_modules/jest/node_modules/jest-cli/build/TestScheduler.js\u001b[39m\u001b[0m\u001b[2m:256:22\u001b[22m\n","name":"/Users/mick-feller/Sites/Workspaces/@od/od-react-components/components/Container/Container.test.jsx","startTime":1542404697375,"status":"failed","summary":""},{"assertionResults":[],"coverage":{},"endTime":1542404697376,"message":"  \u001b[1m● \u001b[22mTest suite failed to run\n\n    Your test suite must contain at least one test.\n\n      \u001b[2mat \u001b[22m\u001b[0m\u001b[36mnode_modules/jest/node_modules/jest-cli/build/TestScheduler.js\u001b[39m\u001b[0m\u001b[2m:256:22\u001b[22m\n","name":"/Users/mick-feller/Sites/Workspaces/@od/od-react-components/components/ButtonToolbar/ButtonToolbar.test.jsx","startTime":1542404697376,"status":"failed","summary":""},{"assertionResults":[],"coverage":{},"endTime":1542404697376,"message":"  \u001b[1m● \u001b[22mTest suite failed to run\n\n    Your test suite must contain at least one test.\n\n      \u001b[2mat \u001b[22m\u001b[0m\u001b[36mnode_modules/jest/node_modules/jest-cli/build/TestScheduler.js\u001b[39m\u001b[0m\u001b[2m:256:22\u001b[22m\n","name":"/Users/mick-feller/Sites/Workspaces/@od/od-react-components/components/Spinner/index.test.js","startTime":1542404697376,"status":"failed","summary":""},{"assertionResults":[],"coverage":{},"endTime":1542404697376,"message":"  \u001b[1m● \u001b[22mTest suite failed to run\n\n    Your test suite must contain at least one test.\n\n      \u001b[2mat \u001b[22m\u001b[0m\u001b[36mnode_modules/jest/node_modules/jest-cli/build/TestScheduler.js\u001b[39m\u001b[0m\u001b[2m:256:22\u001b[22m\n","name":"/Users/mick-feller/Sites/Workspaces/@od/od-react-components/components/Spinner/Spinner.test.jsx","startTime":1542404697376,"status":"failed","summary":""},{"assertionResults":[],"coverage":{},"endTime":1542404697376,"message":"  \u001b[1m● \u001b[22mTest suite failed to run\n\n    Your test suite must contain at least one test.\n\n      \u001b[2mat \u001b[22m\u001b[0m\u001b[36mnode_modules/jest/node_modules/jest-cli/build/TestScheduler.js\u001b[39m\u001b[0m\u001b[2m:256:22\u001b[22m\n","name":"/Users/mick-feller/Sites/Workspaces/@od/od-react-components/components/Grid/Col/Col.test.jsx","startTime":1542404697376,"status":"failed","summary":""},{"assertionResults":[],"coverage":{},"endTime":1542404697376,"message":"  \u001b[1m● \u001b[22mTest suite failed to run\n\n    Your test suite must contain at least one test.\n\n      \u001b[2mat \u001b[22m\u001b[0m\u001b[36mnode_modules/jest/node_modules/jest-cli/build/TestScheduler.js\u001b[39m\u001b[0m\u001b[2m:256:22\u001b[22m\n","name":"/Users/mick-feller/Sites/Workspaces/@od/od-react-components/components/Spinner/Loading/Loading.test.jsx","startTime":1542404697376,"status":"failed","summary":""},{"assertionResults":[],"coverage":{},"endTime":1542404697376,"message":"  \u001b[1m● \u001b[22mTest suite failed to run\n\n    Your test suite must contain at least one test.\n\n      \u001b[2mat \u001b[22m\u001b[0m\u001b[36mnode_modules/jest/node_modules/jest-cli/build/TestScheduler.js\u001b[39m\u001b[0m\u001b[2m:256:22\u001b[22m\n","name":"/Users/mick-feller/Sites/Workspaces/@od/od-react-components/components/Loading/Loading.test.jsx","startTime":1542404697376,"status":"failed","summary":""},{"assertionResults":[],"coverage":{},"endTime":1542404697376,"message":"  \u001b[1m● \u001b[22mTest suite failed to run\n\n    Your test suite must contain at least one test.\n\n      \u001b[2mat \u001b[22m\u001b[0m\u001b[36mnode_modules/jest/node_modules/jest-cli/build/TestScheduler.js\u001b[39m\u001b[0m\u001b[2m:256:22\u001b[22m\n","name":"/Users/mick-feller/Sites/Workspaces/@od/od-react-components/components/Spinner/Circle/Circle.test.jsx","startTime":1542404697376,"status":"failed","summary":""},{"assertionResults":[],"coverage":{},"endTime":1542404697376,"message":"  \u001b[1m● \u001b[22mTest suite failed to run\n\n    Your test suite must contain at least one test.\n\n      \u001b[2mat \u001b[22m\u001b[0m\u001b[36mnode_modules/jest/node_modules/jest-cli/build/TestScheduler.js\u001b[39m\u001b[0m\u001b[2m:256:22\u001b[22m\n","name":"/Users/mick-feller/Sites/Workspaces/@od/od-react-components/components/Spinner/Circle/index.test.jsx","startTime":1542404697376,"status":"failed","summary":""},{"assertionResults":[],"coverage":{},"endTime":1542404697376,"message":"  \u001b[1m● \u001b[22mTest suite failed to run\n\n    Your test suite must contain at least one test.\n\n      \u001b[2mat \u001b[22m\u001b[0m\u001b[36mnode_modules/jest/node_modules/jest-cli/build/TestScheduler.js\u001b[39m\u001b[0m\u001b[2m:256:22\u001b[22m\n","name":"/Users/mick-feller/Sites/Workspaces/@od/od-react-components/components/Heading/Heading.test.jsx","startTime":1542404697376,"status":"failed","summary":""},{"assertionResults":[],"coverage":{},"endTime":1542404697376,"message":"  \u001b[1m● \u001b[22mTest suite failed to run\n\n    Your test suite must contain at least one test.\n\n      \u001b[2mat \u001b[22m\u001b[0m\u001b[36mnode_modules/jest/node_modules/jest-cli/build/TestScheduler.js\u001b[39m\u001b[0m\u001b[2m:256:22\u001b[22m\n","name":"/Users/mick-feller/Sites/Workspaces/@od/od-react-components/components/Grid/Row/Row.test.jsx","startTime":1542404697376,"status":"failed","summary":""},{"assertionResults":[],"coverage":{},"endTime":1542404697376,"message":"  \u001b[1m● \u001b[22mTest suite failed to run\n\n    Your test suite must contain at least one test.\n\n      \u001b[2mat \u001b[22m\u001b[0m\u001b[36mnode_modules/jest/node_modules/jest-cli/build/TestScheduler.js\u001b[39m\u001b[0m\u001b[2m:256:22\u001b[22m\n","name":"/Users/mick-feller/Sites/Workspaces/@od/od-react-components/components/Grid/Col/index.test.js","startTime":1542404697376,"status":"failed","summary":""},{"assertionResults":[],"coverage":{},"endTime":1542404697376,"message":"  \u001b[1m● \u001b[22mTest suite failed to run\n\n    Your test suite must contain at least one test.\n\n      \u001b[2mat \u001b[22m\u001b[0m\u001b[36mnode_modules/jest/node_modules/jest-cli/build/TestScheduler.js\u001b[39m\u001b[0m\u001b[2m:256:22\u001b[22m\n","name":"/Users/mick-feller/Sites/Workspaces/@od/od-react-components/components/Loading/index.test.js","startTime":1542404697376,"status":"failed","summary":""},{"assertionResults":[],"coverage":{},"endTime":1542404697376,"message":"  \u001b[1m● \u001b[22mTest suite failed to run\n\n    Your test suite must contain at least one test.\n\n      \u001b[2mat \u001b[22m\u001b[0m\u001b[36mnode_modules/jest/node_modules/jest-cli/build/TestScheduler.js\u001b[39m\u001b[0m\u001b[2m:256:22\u001b[22m\n","name":"/Users/mick-feller/Sites/Workspaces/@od/od-react-components/components/Heading/index.test.js","startTime":1542404697376,"status":"failed","summary":""},{"assertionResults":[],"coverage":{},"endTime":1542404697376,"message":"  \u001b[1m● \u001b[22mTest suite failed to run\n\n    Your test suite must contain at least one test.\n\n      \u001b[2mat \u001b[22m\u001b[0m\u001b[36mnode_modules/jest/node_modules/jest-cli/build/TestScheduler.js\u001b[39m\u001b[0m\u001b[2m:256:22\u001b[22m\n","name":"/Users/mick-feller/Sites/Workspaces/@od/od-react-components/components/Spinner/Loading/index.test.jsx","startTime":1542404697376,"status":"failed","summary":""},{"assertionResults":[{"ancestorTitles":["AccordionContent"],"failureMessages":[],"fullName":"AccordionContent Component Renders","location":null,"status":"passed","title":"Component Renders"}],"endTime":1542404697323,"message":"","name":"/Users/mick-feller/Sites/Workspaces/@od/od-react-components/components/Accordion/Accordion.test.jsx","startTime":1542404697080,"status":"passed","summary":""}],"wasInterrupted":false}